[2020-10-20T17:24:42.745Z] info  Using user-data-dir ~/data
[2020-10-20T17:24:42.756Z] info  code-server 3.6.0 a4a03c14922ccaec2a9ff8d1b7b2af8522a4214d
[2020-10-20T17:24:42.757Z] info  Using config file ~/.config/code-server/config.yaml
[2020-10-20T17:24:42.764Z] info  HTTP server listening on http://0.0.0.0:8443
[2020-10-20T17:24:42.764Z] info      - Using password from $PASSWORD
[2020-10-20T17:24:42.764Z] info      - To disable use `--auth none`
[2020-10-20T17:24:42.764Z] info    - Not serving HTTPS
[2020-10-20T17:24:43.996Z] warn  discarding socket connection: vscode is not running
[2020-10-20T17:24:43.997Z] warn  discarding socket connection: vscode is not running
[2020-10-20T17:24:58.854Z] warn  discarding socket connection: vscode is not running
[2020-10-20T17:24:58.855Z] warn  discarding socket connection: vscode is not running
[2020-10-20T17:25:40.856Z] warn  discarding socket connection: vscode is not running
[2020-10-20T17:25:40.858Z] warn  discarding socket connection: vscode is not running
[2020-10-20T17:26:22.858Z] warn  discarding socket connection: vscode is not running
[2020-10-20T17:26:22.859Z] warn  discarding socket connection: vscode is not running
[2020-10-20T17:27:04.871Z] warn  discarding socket connection: vscode is not running
[2020-10-20T17:27:04.875Z] warn  discarding socket connection: vscode is not running
[2020-10-20T17:27:46.864Z] warn  discarding socket connection: vscode is not running
[2020-10-20T17:27:46.869Z] warn  discarding socket connection: vscode is not running
[2020-10-20T17:28:28.856Z] warn  discarding socket connection: vscode is not running
[2020-10-20T17:28:28.862Z] warn  discarding socket connection: vscode is not running
[2020-10-20T17:29:10.848Z] warn  discarding socket connection: vscode is not running
[2020-10-20T17:29:10.852Z] warn  discarding socket connection: vscode is not running
[2020-10-20T17:29:52.855Z] warn  discarding socket connection: vscode is not running
[2020-10-20T17:29:52.860Z] warn  discarding socket connection: vscode is not running
[2020-10-20T17:30:34.856Z] warn  discarding socket connection: vscode is not running
[2020-10-20T17:30:34.861Z] warn  discarding socket connection: vscode is not running
[2020-10-20T17:31:16.874Z] warn  discarding socket connection: vscode is not running
[2020-10-20T17:31:16.878Z] warn  discarding socket connection: vscode is not running
[2020-10-20T17:31:58.879Z] warn  discarding socket connection: vscode is not running
[2020-10-20T17:31:58.884Z] warn  discarding socket connection: vscode is not running
[2020-10-20T17:32:40.852Z] warn  discarding socket connection: vscode is not running
[2020-10-20T17:32:40.856Z] warn  discarding socket connection: vscode is not running
[2020-10-20T17:33:22.841Z] warn  discarding socket connection: vscode is not running
[2020-10-20T17:33:22.846Z] warn  discarding socket connection: vscode is not running
[2020-10-20T17:34:04.847Z] warn  discarding socket connection: vscode is not running
[2020-10-20T17:34:04.853Z] warn  discarding socket connection: vscode is not running
[2020-10-20T17:34:46.845Z] warn  discarding socket connection: vscode is not running
[2020-10-20T17:34:46.853Z] warn  discarding socket connection: vscode is not running
[2020-10-20T17:35:28.848Z] warn  discarding socket connection: vscode is not running
[2020-10-20T17:35:28.858Z] warn  discarding socket connection: vscode is not running
[2020-10-20T17:36:10.851Z] warn  discarding socket connection: vscode is not running
[2020-10-20T17:36:10.859Z] warn  discarding socket connection: vscode is not running
[2020-10-20T17:36:52.852Z] warn  discarding socket connection: vscode is not running
[2020-10-20T17:36:52.856Z] warn  discarding socket connection: vscode is not running
[2020-10-20T17:37:34.858Z] warn  discarding socket connection: vscode is not running
[2020-10-20T17:37:34.866Z] warn  discarding socket connection: vscode is not running
[2020-10-20T17:38:16.842Z] warn  discarding socket connection: vscode is not running
[2020-10-20T17:38:16.847Z] warn  discarding socket connection: vscode is not running
[2020-10-20T17:38:58.843Z] warn  discarding socket connection: vscode is not running
[2020-10-20T17:38:58.848Z] warn  discarding socket connection: vscode is not running
[2020-10-20T17:39:40.846Z] warn  discarding socket connection: vscode is not running
[2020-10-20T17:39:40.852Z] warn  discarding socket connection: vscode is not running
[2020-10-20T17:40:22.857Z] warn  discarding socket connection: vscode is not running
[2020-10-20T17:40:22.861Z] warn  discarding socket connection: vscode is not running
[2020-10-20T17:40:41.946Z] warn  discarding socket connection: vscode is not running
[2020-10-20T17:46:07.028Z] info  Using user-data-dir ~/data
[2020-10-20T17:46:07.042Z] info  code-server 3.6.0 a4a03c14922ccaec2a9ff8d1b7b2af8522a4214d
[2020-10-20T17:46:07.042Z] info  Using config file ~/.config/code-server/config.yaml
[2020-10-20T17:46:07.049Z] info  HTTP server listening on http://0.0.0.0:8443
[2020-10-20T17:46:07.049Z] info      - Using password from $PASSWORD
[2020-10-20T17:46:07.049Z] info      - To disable use `--auth none`
[2020-10-20T17:46:07.049Z] info    - Not serving HTTPS
[2020-10-20T17:46:10.447Z] warn  discarding socket connection: vscode is not running
[2020-10-20T17:46:11.684Z] warn  discarding socket connection: vscode is not running
[2020-10-21T10:59:54.715Z] info  Using user-data-dir ~/data
[2020-10-21T10:59:54.728Z] info  code-server 3.6.0 a4a03c14922ccaec2a9ff8d1b7b2af8522a4214d
[2020-10-21T10:59:54.728Z] info  Using config file ~/.config/code-server/config.yaml
[2020-10-21T10:59:54.735Z] info  HTTP server listening on http://0.0.0.0:8443
[2020-10-21T10:59:54.735Z] info      - Using password from $PASSWORD
[2020-10-21T10:59:54.736Z] info      - To disable use `--auth none`
[2020-10-21T10:59:54.736Z] info    - Not serving HTTPS
[2020-10-21T11:01:43.076Z] info  Using user-data-dir ~/data
[2020-10-21T11:01:43.089Z] info  code-server 3.6.0 a4a03c14922ccaec2a9ff8d1b7b2af8522a4214d
[2020-10-21T11:01:43.089Z] info  Using config file ~/.config/code-server/config.yaml
[2020-10-21T11:01:43.102Z] info  HTTP server listening on http://0.0.0.0:8443
[2020-10-21T11:01:43.102Z] info      - Using password from $PASSWORD
[2020-10-21T11:01:43.102Z] info      - To disable use `--auth none`
[2020-10-21T11:01:43.103Z] info    - Not serving HTTPS
[2020-10-21T11:05:38.109Z] info  Using user-data-dir ~/data
[2020-10-21T11:05:38.123Z] info  code-server 3.6.0 a4a03c14922ccaec2a9ff8d1b7b2af8522a4214d
[2020-10-21T11:05:38.123Z] info  Using config file ~/.config/code-server/config.yaml
[2020-10-21T11:05:38.130Z] info  HTTP server listening on http://0.0.0.0:8443
[2020-10-21T11:05:38.130Z] info      - Using password from $PASSWORD
[2020-10-21T11:05:38.130Z] info      - To disable use `--auth none`
[2020-10-21T11:05:38.130Z] info    - Not serving HTTPS
[2020-10-21T11:32:04.407Z] error VS Code exited unexpectedly with code 1
[2020-10-21T11:32:09.535Z] warn  discarding socket connection: vscode is not running
[2020-10-21T11:32:11.512Z] warn  discarding socket connection: vscode is not running
[2020-10-21T11:32:26.604Z] warn  discarding socket connection: vscode is not running
[2020-10-21T11:32:27.526Z] warn  discarding socket connection: vscode is not running
[2020-10-21T11:32:48.621Z] warn  discarding socket connection: vscode is not running
[2020-10-21T11:32:48.656Z] warn  discarding socket connection: vscode is not running
[2020-10-21T11:33:09.295Z] warn  discarding socket connection: vscode is not running
[2020-10-21T11:33:09.323Z] warn  discarding socket connection: vscode is not running
[2020-10-21T11:33:30.418Z] warn  discarding socket connection: vscode is not running
[2020-10-21T11:33:30.447Z] warn  discarding socket connection: vscode is not running
[2020-10-21T11:33:51.740Z] warn  discarding socket connection: vscode is not running
[2020-10-21T11:33:51.772Z] warn  discarding socket connection: vscode is not running
[2020-10-21T11:34:12.646Z] warn  discarding socket connection: vscode is not running
[2020-10-21T11:34:12.675Z] warn  discarding socket connection: vscode is not running
[2020-10-21T11:34:53.535Z] warn  discarding socket connection: vscode is not running
[2020-10-21T11:34:53.566Z] warn  discarding socket connection: vscode is not running
[2020-10-21T11:35:35.912Z] warn  discarding socket connection: vscode is not running
[2020-10-21T11:35:35.944Z] warn  discarding socket connection: vscode is not running
[2020-10-21T11:36:17.632Z] warn  discarding socket connection: vscode is not running
[2020-10-21T11:36:17.662Z] warn  discarding socket connection: vscode is not running
[2020-10-21T11:36:59.481Z] warn  discarding socket connection: vscode is not running
[2020-10-21T11:36:59.516Z] warn  discarding socket connection: vscode is not running
[2020-10-21T11:37:40.775Z] warn  discarding socket connection: vscode is not running
[2020-10-21T11:37:40.804Z] warn  discarding socket connection: vscode is not running
[2020-10-21T11:38:22.521Z] warn  discarding socket connection: vscode is not running
[2020-10-21T11:38:22.549Z] warn  discarding socket connection: vscode is not running
[2020-10-21T11:38:50.400Z] warn  discarding socket connection: vscode is not running
[2020-10-21T11:38:57.538Z] warn  discarding socket connection: vscode is not running
[2020-10-21T11:39:03.411Z] warn  discarding socket connection: vscode is not running
[2020-10-21T11:39:03.445Z] warn  discarding socket connection: vscode is not running
[2020-10-21T11:39:06.445Z] warn  discarding socket connection: vscode is not running
[2020-10-21T11:39:14.010Z] warn  discarding socket connection: vscode is not running
[2020-10-21T11:39:28.588Z] warn  discarding socket connection: vscode is not running
[2020-10-21T11:39:44.619Z] warn  discarding socket connection: vscode is not running
[2020-10-21T11:39:44.647Z] warn  discarding socket connection: vscode is not running
[2020-10-21T11:40:26.586Z] warn  discarding socket connection: vscode is not running
[2020-10-21T11:40:26.614Z] warn  discarding socket connection: vscode is not running
[2020-10-21T11:41:08.614Z] warn  discarding socket connection: vscode is not running
[2020-10-21T11:41:08.643Z] warn  discarding socket connection: vscode is not running
[2020-10-21T11:41:50.330Z] warn  discarding socket connection: vscode is not running
[2020-10-21T11:41:50.363Z] warn  discarding socket connection: vscode is not running
[2020-10-21T11:42:31.668Z] warn  discarding socket connection: vscode is not running
[2020-10-21T11:42:31.697Z] warn  discarding socket connection: vscode is not running
[2020-10-21T11:43:12.520Z] warn  discarding socket connection: vscode is not running
[2020-10-21T11:43:12.549Z] warn  discarding socket connection: vscode is not running
[2020-10-21T11:43:54.721Z] warn  discarding socket connection: vscode is not running
[2020-10-21T11:43:54.749Z] warn  discarding socket connection: vscode is not running
[2020-10-21T11:44:35.629Z] warn  discarding socket connection: vscode is not running
[2020-10-21T11:44:35.658Z] warn  discarding socket connection: vscode is not running
[2020-10-21T11:45:17.434Z] warn  discarding socket connection: vscode is not running
[2020-10-21T11:45:17.461Z] warn  discarding socket connection: vscode is not running
[2020-10-21T11:45:58.743Z] warn  discarding socket connection: vscode is not running
[2020-10-21T11:45:58.771Z] warn  discarding socket connection: vscode is not running
[2020-10-21T11:46:39.676Z] warn  discarding socket connection: vscode is not running
[2020-10-21T11:46:39.704Z] warn  discarding socket connection: vscode is not running
[2020-10-21T11:47:21.485Z] warn  discarding socket connection: vscode is not running
[2020-10-21T11:47:21.514Z] warn  discarding socket connection: vscode is not running
[2020-10-21T11:48:03.619Z] warn  discarding socket connection: vscode is not running
[2020-10-21T11:48:03.648Z] warn  discarding socket connection: vscode is not running
[2020-10-21T11:48:45.619Z] warn  discarding socket connection: vscode is not running
[2020-10-21T11:48:45.649Z] warn  discarding socket connection: vscode is not running
[2020-10-21T11:49:27.526Z] warn  discarding socket connection: vscode is not running
[2020-10-21T11:49:27.555Z] warn  discarding socket connection: vscode is not running
[2020-10-21T11:50:09.586Z] warn  discarding socket connection: vscode is not running
[2020-10-21T11:50:09.614Z] warn  discarding socket connection: vscode is not running
[2020-10-21T11:50:51.574Z] warn  discarding socket connection: vscode is not running
[2020-10-21T11:50:51.603Z] warn  discarding socket connection: vscode is not running
[2020-10-21T11:51:33.474Z] warn  discarding socket connection: vscode is not running
[2020-10-21T11:51:33.504Z] warn  discarding socket connection: vscode is not running
[2020-10-21T11:52:15.624Z] warn  discarding socket connection: vscode is not running
[2020-10-21T11:52:15.654Z] warn  discarding socket connection: vscode is not running
[2020-10-21T11:52:57.576Z] warn  discarding socket connection: vscode is not running
[2020-10-21T11:52:57.607Z] warn  discarding socket connection: vscode is not running
[2020-10-21T11:53:39.285Z] warn  discarding socket connection: vscode is not running
[2020-10-21T11:53:39.314Z] warn  discarding socket connection: vscode is not running
[2020-10-21T11:54:20.608Z] warn  discarding socket connection: vscode is not running
[2020-10-21T11:54:20.636Z] warn  discarding socket connection: vscode is not running
[2020-10-21T11:55:02.753Z] warn  discarding socket connection: vscode is not running
[2020-10-21T11:55:02.784Z] warn  discarding socket connection: vscode is not running
[2020-10-21T11:55:44.737Z] warn  discarding socket connection: vscode is not running
[2020-10-21T11:55:44.765Z] warn  discarding socket connection: vscode is not running
[2020-10-21T11:56:26.625Z] warn  discarding socket connection: vscode is not running
[2020-10-21T11:56:26.656Z] warn  discarding socket connection: vscode is not running
[2020-10-21T11:57:08.531Z] warn  discarding socket connection: vscode is not running
[2020-10-21T11:57:08.561Z] warn  discarding socket connection: vscode is not running
[2020-10-21T11:57:50.311Z] warn  discarding socket connection: vscode is not running
[2020-10-21T11:57:50.341Z] warn  discarding socket connection: vscode is not running
[2020-10-21T11:58:32.528Z] warn  discarding socket connection: vscode is not running
[2020-10-21T11:58:32.558Z] warn  discarding socket connection: vscode is not running
[2020-10-21T11:59:14.508Z] warn  discarding socket connection: vscode is not running
[2020-10-21T11:59:14.538Z] warn  discarding socket connection: vscode is not running
[2020-10-21T11:59:55.479Z] warn  discarding socket connection: vscode is not running
[2020-10-21T11:59:55.507Z] warn  discarding socket connection: vscode is not running
[2020-10-21T12:00:36.733Z] warn  discarding socket connection: vscode is not running
[2020-10-21T12:00:36.762Z] warn  discarding socket connection: vscode is not running
[2020-10-21T12:01:17.870Z] warn  discarding socket connection: vscode is not running
[2020-10-21T12:01:17.898Z] warn  discarding socket connection: vscode is not running
[2020-10-21T12:01:49.303Z] warn  discarding socket connection: vscode is not running
[2020-10-21T12:01:59.412Z] warn  discarding socket connection: vscode is not running
[2020-10-21T12:01:59.442Z] warn  discarding socket connection: vscode is not running
[2020-10-21T12:02:04.299Z] warn  discarding socket connection: vscode is not running
[2020-10-21T12:02:11.789Z] warn  discarding socket connection: vscode is not running
[2020-10-21T12:02:25.316Z] warn  discarding socket connection: vscode is not running
[2020-10-21T12:02:33.475Z] warn  discarding socket connection: vscode is not running
[2020-10-21T12:02:40.650Z] warn  discarding socket connection: vscode is not running
[2020-10-21T12:02:40.678Z] warn  discarding socket connection: vscode is not running
[2020-10-21T12:03:22.603Z] warn  discarding socket connection: vscode is not running
[2020-10-21T12:03:22.632Z] warn  discarding socket connection: vscode is not running
[2020-10-21T12:04:04.598Z] warn  discarding socket connection: vscode is not running
[2020-10-21T12:04:04.628Z] warn  discarding socket connection: vscode is not running
[2020-10-21T12:04:46.632Z] warn  discarding socket connection: vscode is not running
[2020-10-21T12:04:46.659Z] warn  discarding socket connection: vscode is not running
[2020-10-21T12:05:28.589Z] warn  discarding socket connection: vscode is not running
[2020-10-21T12:05:28.618Z] warn  discarding socket connection: vscode is not running
[2020-10-21T12:06:09.333Z] warn  discarding socket connection: vscode is not running
[2020-10-21T12:06:09.362Z] warn  discarding socket connection: vscode is not running
[2020-10-21T12:06:50.337Z] warn  discarding socket connection: vscode is not running
[2020-10-21T12:06:50.367Z] warn  discarding socket connection: vscode is not running
[2020-10-21T12:07:32.555Z] warn  discarding socket connection: vscode is not running
[2020-10-21T12:07:32.582Z] warn  discarding socket connection: vscode is not running
[2020-10-21T12:08:14.554Z] warn  discarding socket connection: vscode is not running
[2020-10-21T12:08:14.586Z] warn  discarding socket connection: vscode is not running
[2020-10-21T12:08:56.422Z] warn  discarding socket connection: vscode is not running
[2020-10-21T12:08:56.450Z] warn  discarding socket connection: vscode is not running
[2020-10-21T12:09:37.595Z] warn  discarding socket connection: vscode is not running
[2020-10-21T12:09:37.630Z] warn  discarding socket connection: vscode is not running
[2020-10-21T12:10:18.438Z] warn  discarding socket connection: vscode is not running
[2020-10-21T12:10:18.467Z] warn  discarding socket connection: vscode is not running
[2020-10-21T12:11:00.446Z] warn  discarding socket connection: vscode is not running
[2020-10-21T12:11:00.473Z] warn  discarding socket connection: vscode is not running
[2020-10-21T12:11:41.492Z] warn  discarding socket connection: vscode is not running
[2020-10-21T12:11:41.520Z] warn  discarding socket connection: vscode is not running
[2020-10-21T12:12:21.709Z] warn  discarding socket connection: vscode is not running
[2020-10-21T12:12:21.736Z] warn  discarding socket connection: vscode is not running
[2020-10-21T12:13:02.653Z] warn  discarding socket connection: vscode is not running
[2020-10-21T12:13:02.683Z] warn  discarding socket connection: vscode is not running
[2020-10-21T12:13:43.620Z] warn  discarding socket connection: vscode is not running
[2020-10-21T12:13:43.653Z] warn  discarding socket connection: vscode is not running
[2020-10-21T12:14:24.694Z] warn  discarding socket connection: vscode is not running
[2020-10-21T12:14:24.724Z] warn  discarding socket connection: vscode is not running
[2020-10-21T12:15:06.624Z] warn  discarding socket connection: vscode is not running
[2020-10-21T12:15:06.651Z] warn  discarding socket connection: vscode is not running
[2020-10-21T12:15:48.409Z] warn  discarding socket connection: vscode is not running
[2020-10-21T12:15:48.439Z] warn  discarding socket connection: vscode is not running
[2020-10-21T12:16:29.522Z] warn  discarding socket connection: vscode is not running
[2020-10-21T12:16:29.553Z] warn  discarding socket connection: vscode is not running
[2020-10-21T12:17:11.586Z] warn  discarding socket connection: vscode is not running
[2020-10-21T12:17:11.616Z] warn  discarding socket connection: vscode is not running
[2020-10-21T12:17:53.502Z] warn  discarding socket connection: vscode is not running
[2020-10-21T12:17:53.534Z] warn  discarding socket connection: vscode is not running
[2020-10-21T12:18:34.661Z] warn  discarding socket connection: vscode is not running
[2020-10-21T12:18:34.691Z] warn  discarding socket connection: vscode is not running
[2020-10-21T12:19:16.554Z] warn  discarding socket connection: vscode is not running
[2020-10-21T12:19:16.582Z] warn  discarding socket connection: vscode is not running
[2020-10-21T12:19:57.684Z] warn  discarding socket connection: vscode is not running
[2020-10-21T12:19:57.713Z] warn  discarding socket connection: vscode is not running
[2020-10-21T12:20:39.550Z] warn  discarding socket connection: vscode is not running
[2020-10-21T12:20:39.581Z] warn  discarding socket connection: vscode is not running
[2020-10-21T12:21:22.161Z] warn  discarding socket connection: vscode is not running
[2020-10-21T12:21:22.192Z] warn  discarding socket connection: vscode is not running
[2020-10-21T12:22:03.527Z] warn  discarding socket connection: vscode is not running
[2020-10-21T12:22:03.558Z] warn  discarding socket connection: vscode is not running
[2020-10-21T12:22:44.700Z] warn  discarding socket connection: vscode is not running
[2020-10-21T12:22:44.728Z] warn  discarding socket connection: vscode is not running
[2020-10-21T12:23:26.765Z] warn  discarding socket connection: vscode is not running
[2020-10-21T12:23:26.793Z] warn  discarding socket connection: vscode is not running
[2020-10-21T12:24:08.610Z] warn  discarding socket connection: vscode is not running
[2020-10-21T12:24:08.639Z] warn  discarding socket connection: vscode is not running
[2020-10-21T12:24:50.589Z] warn  discarding socket connection: vscode is not running
[2020-10-21T12:24:50.619Z] warn  discarding socket connection: vscode is not running
[2020-10-21T12:25:03.493Z] warn  discarding socket connection: vscode is not running
[2020-10-21T12:25:11.299Z] warn  discarding socket connection: vscode is not running
[2020-10-21T12:25:24.403Z] warn  discarding socket connection: vscode is not running
[2020-10-21T12:25:32.785Z] warn  discarding socket connection: vscode is not running
[2020-10-21T12:25:32.813Z] warn  discarding socket connection: vscode is not running
[2020-10-21T12:25:33.266Z] warn  discarding socket connection: vscode is not running
[2020-10-21T12:26:14.534Z] warn  discarding socket connection: vscode is not running
[2020-10-21T12:26:14.564Z] warn  discarding socket connection: vscode is not running
[2020-10-21T12:26:56.632Z] warn  discarding socket connection: vscode is not running
[2020-10-21T12:26:56.663Z] warn  discarding socket connection: vscode is not running
[2020-10-21T12:27:38.533Z] warn  discarding socket connection: vscode is not running
[2020-10-21T12:27:38.564Z] warn  discarding socket connection: vscode is not running
[2020-10-21T12:28:19.346Z] warn  discarding socket connection: vscode is not running
[2020-10-21T12:28:20.445Z] warn  discarding socket connection: vscode is not running
[2020-10-21T12:29:00.662Z] warn  discarding socket connection: vscode is not running
[2020-10-21T12:29:01.548Z] warn  discarding socket connection: vscode is not running
[2020-10-21T12:29:41.659Z] warn  discarding socket connection: vscode is not running
[2020-10-21T12:29:43.611Z] warn  discarding socket connection: vscode is not running
[2020-10-21T12:30:23.605Z] warn  discarding socket connection: vscode is not running
[2020-10-21T12:30:25.591Z] warn  discarding socket connection: vscode is not running
[2020-10-21T12:31:04.647Z] warn  discarding socket connection: vscode is not running
[2020-10-21T12:31:06.634Z] warn  discarding socket connection: vscode is not running
[2020-10-21T12:31:46.660Z] warn  discarding socket connection: vscode is not running
[2020-10-21T12:31:47.553Z] warn  discarding socket connection: vscode is not running
[2020-10-21T12:32:27.702Z] warn  discarding socket connection: vscode is not running
[2020-10-21T12:32:29.604Z] warn  discarding socket connection: vscode is not running
[2020-10-21T12:33:10.012Z] warn  discarding socket connection: vscode is not running
[2020-10-21T12:33:11.356Z] warn  discarding socket connection: vscode is not running
[2020-10-21T12:33:51.572Z] warn  discarding socket connection: vscode is not running
[2020-10-21T12:33:52.581Z] warn  discarding socket connection: vscode is not running
[2020-10-21T12:34:32.573Z] warn  discarding socket connection: vscode is not running
[2020-10-21T12:34:33.569Z] warn  discarding socket connection: vscode is not running
[2020-10-21T12:35:13.612Z] warn  discarding socket connection: vscode is not running
[2020-10-21T12:35:14.582Z] warn  discarding socket connection: vscode is not running
[2020-10-21T12:35:55.509Z] warn  discarding socket connection: vscode is not running
[2020-10-21T12:35:55.547Z] warn  discarding socket connection: vscode is not running
[2020-10-21T12:36:36.753Z] warn  discarding socket connection: vscode is not running
[2020-10-21T12:36:36.780Z] warn  discarding socket connection: vscode is not running
[2020-10-21T12:37:18.322Z] warn  discarding socket connection: vscode is not running
[2020-10-21T12:37:18.349Z] warn  discarding socket connection: vscode is not running
[2020-10-21T12:37:59.591Z] warn  discarding socket connection: vscode is not running
[2020-10-21T12:37:59.619Z] warn  discarding socket connection: vscode is not running
[2020-10-21T12:38:41.544Z] warn  discarding socket connection: vscode is not running
[2020-10-21T12:38:41.573Z] warn  discarding socket connection: vscode is not running
[2020-10-21T12:39:23.621Z] warn  discarding socket connection: vscode is not running
[2020-10-21T12:39:23.651Z] warn  discarding socket connection: vscode is not running
[2020-10-21T12:40:04.653Z] warn  discarding socket connection: vscode is not running
[2020-10-21T12:40:04.683Z] warn  discarding socket connection: vscode is not running
[2020-10-21T12:40:46.642Z] warn  discarding socket connection: vscode is not running
[2020-10-21T12:40:46.676Z] warn  discarding socket connection: vscode is not running
[2020-10-21T12:41:28.783Z] warn  discarding socket connection: vscode is not running
[2020-10-21T12:41:28.811Z] warn  discarding socket connection: vscode is not running
[2020-10-21T12:42:09.730Z] warn  discarding socket connection: vscode is not running
[2020-10-21T12:42:09.758Z] warn  discarding socket connection: vscode is not running
[2020-10-21T12:42:50.680Z] warn  discarding socket connection: vscode is not running
[2020-10-21T12:42:50.711Z] warn  discarding socket connection: vscode is not running
[2020-10-21T12:43:31.555Z] warn  discarding socket connection: vscode is not running
[2020-10-21T12:43:31.585Z] warn  discarding socket connection: vscode is not running
[2020-10-21T12:44:13.641Z] warn  discarding socket connection: vscode is not running
[2020-10-21T12:44:13.670Z] warn  discarding socket connection: vscode is not running
[2020-10-21T12:44:55.633Z] warn  discarding socket connection: vscode is not running
[2020-10-21T12:44:55.663Z] warn  discarding socket connection: vscode is not running
[2020-10-21T12:45:37.777Z] warn  discarding socket connection: vscode is not running
[2020-10-21T12:45:37.806Z] warn  discarding socket connection: vscode is not running
[2020-10-21T12:46:18.732Z] warn  discarding socket connection: vscode is not running
[2020-10-21T12:46:18.761Z] warn  discarding socket connection: vscode is not running
[2020-10-21T12:47:00.726Z] warn  discarding socket connection: vscode is not running
[2020-10-21T12:47:00.755Z] warn  discarding socket connection: vscode is not running
[2020-10-21T12:47:41.728Z] warn  discarding socket connection: vscode is not running
[2020-10-21T12:47:41.762Z] warn  discarding socket connection: vscode is not running
[2020-10-21T12:48:19.099Z] warn  discarding socket connection: vscode is not running
[2020-10-21T12:48:23.652Z] warn  discarding socket connection: vscode is not running
[2020-10-21T12:48:23.681Z] warn  discarding socket connection: vscode is not running
[2020-10-21T12:48:29.104Z] warn  discarding socket connection: vscode is not running
[2020-10-21T12:49:05.690Z] warn  discarding socket connection: vscode is not running
[2020-10-21T12:49:05.718Z] warn  discarding socket connection: vscode is not running
[2020-10-21T12:49:47.734Z] warn  discarding socket connection: vscode is not running
[2020-10-21T12:49:47.762Z] warn  discarding socket connection: vscode is not running
[2020-10-21T12:50:29.591Z] warn  discarding socket connection: vscode is not running
[2020-10-21T12:50:29.619Z] warn  discarding socket connection: vscode is not running
[2020-10-21T12:51:11.505Z] warn  discarding socket connection: vscode is not running
[2020-10-21T12:51:11.537Z] warn  discarding socket connection: vscode is not running
[2020-10-21T12:51:52.601Z] warn  discarding socket connection: vscode is not running
[2020-10-21T12:51:52.633Z] warn  discarding socket connection: vscode is not running
[2020-10-21T12:52:34.701Z] warn  discarding socket connection: vscode is not running
[2020-10-21T12:52:34.731Z] warn  discarding socket connection: vscode is not running
[2020-10-21T12:53:16.704Z] warn  discarding socket connection: vscode is not running
[2020-10-21T12:53:16.735Z] warn  discarding socket connection: vscode is not running
[2020-10-21T12:53:58.435Z] warn  discarding socket connection: vscode is not running
[2020-10-21T12:53:58.465Z] warn  discarding socket connection: vscode is not running
[2020-10-21T12:54:39.631Z] warn  discarding socket connection: vscode is not running
[2020-10-21T12:54:39.660Z] warn  discarding socket connection: vscode is not running
[2020-10-21T12:55:20.587Z] warn  discarding socket connection: vscode is not running
[2020-10-21T12:55:20.617Z] warn  discarding socket connection: vscode is not running
[2020-10-21T12:56:01.732Z] warn  discarding socket connection: vscode is not running
[2020-10-21T12:56:01.764Z] warn  discarding socket connection: vscode is not running
[2020-10-21T12:56:43.636Z] warn  discarding socket connection: vscode is not running
[2020-10-21T12:56:43.665Z] warn  discarding socket connection: vscode is not running
[2020-10-21T12:57:25.531Z] warn  discarding socket connection: vscode is not running
[2020-10-21T12:57:25.561Z] warn  discarding socket connection: vscode is not running
[2020-10-21T12:58:07.634Z] warn  discarding socket connection: vscode is not running
[2020-10-21T12:58:07.667Z] warn  discarding socket connection: vscode is not running
[2020-10-21T12:58:49.399Z] warn  discarding socket connection: vscode is not running
[2020-10-21T12:58:49.428Z] warn  discarding socket connection: vscode is not running
[2020-10-21T12:59:30.755Z] warn  discarding socket connection: vscode is not running
[2020-10-21T12:59:30.796Z] warn  discarding socket connection: vscode is not running
[2020-10-21T13:00:12.753Z] warn  discarding socket connection: vscode is not running
[2020-10-21T13:00:12.785Z] warn  discarding socket connection: vscode is not running
[2020-10-21T13:00:53.713Z] warn  discarding socket connection: vscode is not running
[2020-10-21T13:00:53.743Z] warn  discarding socket connection: vscode is not running
[2020-10-21T13:01:35.595Z] warn  discarding socket connection: vscode is not running
[2020-10-21T13:01:35.624Z] warn  discarding socket connection: vscode is not running
[2020-10-21T13:02:17.732Z] warn  discarding socket connection: vscode is not running
[2020-10-21T13:02:17.759Z] warn  discarding socket connection: vscode is not running
[2020-10-21T13:02:59.781Z] warn  discarding socket connection: vscode is not running
[2020-10-21T13:02:59.814Z] warn  discarding socket connection: vscode is not running
[2020-10-21T13:03:41.768Z] warn  discarding socket connection: vscode is not running
[2020-10-21T13:03:41.798Z] warn  discarding socket connection: vscode is not running
[2020-10-21T13:04:23.613Z] warn  discarding socket connection: vscode is not running
[2020-10-21T13:04:23.640Z] warn  discarding socket connection: vscode is not running
[2020-10-21T13:05:05.685Z] warn  discarding socket connection: vscode is not running
[2020-10-21T13:05:05.716Z] warn  discarding socket connection: vscode is not running
[2020-10-21T13:05:47.690Z] warn  discarding socket connection: vscode is not running
[2020-10-21T13:05:47.725Z] warn  discarding socket connection: vscode is not running
[2020-10-21T13:06:29.637Z] warn  discarding socket connection: vscode is not running
[2020-10-21T13:06:29.667Z] warn  discarding socket connection: vscode is not running
[2020-10-21T13:07:11.442Z] warn  discarding socket connection: vscode is not running
[2020-10-21T13:07:11.471Z] warn  discarding socket connection: vscode is not running
[2020-10-21T13:07:52.619Z] warn  discarding socket connection: vscode is not running
[2020-10-21T13:07:52.650Z] warn  discarding socket connection: vscode is not running
[2020-10-21T13:08:34.457Z] warn  discarding socket connection: vscode is not running
[2020-10-21T13:08:34.488Z] warn  discarding socket connection: vscode is not running
[2020-10-21T13:09:15.519Z] warn  discarding socket connection: vscode is not running
[2020-10-21T13:09:15.550Z] warn  discarding socket connection: vscode is not running
[2020-10-21T13:09:56.678Z] warn  discarding socket connection: vscode is not running
[2020-10-21T13:09:56.707Z] warn  discarding socket connection: vscode is not running
[2020-10-21T13:10:38.528Z] warn  discarding socket connection: vscode is not running
[2020-10-21T13:10:38.558Z] warn  discarding socket connection: vscode is not running
[2020-10-21T13:11:14.837Z] warn  discarding socket connection: vscode is not running
[2020-10-21T13:11:19.751Z] warn  discarding socket connection: vscode is not running
[2020-10-21T13:11:19.781Z] warn  discarding socket connection: vscode is not running
[2020-10-21T13:11:25.041Z] warn  discarding socket connection: vscode is not running
[2020-10-21T13:11:55.572Z] warn  discarding socket connection: vscode is not running
[2020-10-21T13:12:00.805Z] warn  discarding socket connection: vscode is not running
[2020-10-21T13:12:00.834Z] warn  discarding socket connection: vscode is not running
[2020-10-21T13:12:41.751Z] warn  discarding socket connection: vscode is not running
[2020-10-21T13:12:41.781Z] warn  discarding socket connection: vscode is not running
[2020-10-21T13:13:23.600Z] warn  discarding socket connection: vscode is not running
[2020-10-21T13:13:23.629Z] warn  discarding socket connection: vscode is not running
[2020-10-21T13:14:05.597Z] warn  discarding socket connection: vscode is not running
[2020-10-21T13:14:05.625Z] warn  discarding socket connection: vscode is not running
[2020-10-21T13:14:47.490Z] warn  discarding socket connection: vscode is not running
[2020-10-21T13:14:47.523Z] warn  discarding socket connection: vscode is not running
[2020-10-21T13:15:28.618Z] warn  discarding socket connection: vscode is not running
[2020-10-21T13:15:28.647Z] warn  discarding socket connection: vscode is not running
[2020-10-21T13:16:09.559Z] warn  discarding socket connection: vscode is not running
[2020-10-21T13:16:09.588Z] warn  discarding socket connection: vscode is not running
[2020-10-21T13:16:50.652Z] warn  discarding socket connection: vscode is not running
[2020-10-21T13:16:50.681Z] warn  discarding socket connection: vscode is not running
[2020-10-21T13:17:32.554Z] warn  discarding socket connection: vscode is not running
[2020-10-21T13:17:32.582Z] warn  discarding socket connection: vscode is not running
[2020-10-21T13:18:15.108Z] warn  discarding socket connection: vscode is not running
[2020-10-21T13:18:15.139Z] warn  discarding socket connection: vscode is not running
[2020-10-21T13:18:56.705Z] warn  discarding socket connection: vscode is not running
[2020-10-21T13:18:56.733Z] warn  discarding socket connection: vscode is not running
[2020-10-21T13:19:38.545Z] warn  discarding socket connection: vscode is not running
[2020-10-21T13:19:38.578Z] warn  discarding socket connection: vscode is not running
[2020-10-21T13:20:18.821Z] warn  discarding socket connection: vscode is not running
[2020-10-21T13:20:18.849Z] warn  discarding socket connection: vscode is not running
[2020-10-21T13:21:00.805Z] warn  discarding socket connection: vscode is not running
[2020-10-21T13:21:00.835Z] warn  discarding socket connection: vscode is not running
[2020-10-21T13:21:41.807Z] warn  discarding socket connection: vscode is not running
[2020-10-21T13:21:41.836Z] warn  discarding socket connection: vscode is not running
[2020-10-21T13:22:23.609Z] warn  discarding socket connection: vscode is not running
[2020-10-21T13:22:23.638Z] warn  discarding socket connection: vscode is not running
[2020-10-21T13:23:05.669Z] warn  discarding socket connection: vscode is not running
[2020-10-21T13:23:05.699Z] warn  discarding socket connection: vscode is not running
[2020-10-21T13:23:47.700Z] warn  discarding socket connection: vscode is not running
[2020-10-21T13:23:47.730Z] warn  discarding socket connection: vscode is not running
[2020-10-21T13:24:29.671Z] warn  discarding socket connection: vscode is not running
[2020-10-21T13:24:29.701Z] warn  discarding socket connection: vscode is not running
[2020-10-21T13:25:11.368Z] warn  discarding socket connection: vscode is not running
[2020-10-21T13:25:11.398Z] warn  discarding socket connection: vscode is not running
[2020-10-21T13:25:52.847Z] warn  discarding socket connection: vscode is not running
[2020-10-21T13:25:52.874Z] warn  discarding socket connection: vscode is not running
[2020-10-21T13:26:34.510Z] warn  discarding socket connection: vscode is not running
[2020-10-21T13:26:34.540Z] warn  discarding socket connection: vscode is not running
[2020-10-21T13:27:15.591Z] warn  discarding socket connection: vscode is not running
[2020-10-21T13:27:15.622Z] warn  discarding socket connection: vscode is not running
[2020-10-21T13:27:56.596Z] warn  discarding socket connection: vscode is not running
[2020-10-21T13:27:56.625Z] warn  discarding socket connection: vscode is not running
[2020-10-21T13:28:39.026Z] warn  discarding socket connection: vscode is not running
[2020-10-21T13:28:39.058Z] warn  discarding socket connection: vscode is not running
[2020-10-21T13:29:20.631Z] warn  discarding socket connection: vscode is not running
[2020-10-21T13:29:20.662Z] warn  discarding socket connection: vscode is not running
[2020-10-21T13:30:01.814Z] warn  discarding socket connection: vscode is not running
[2020-10-21T13:30:01.843Z] warn  discarding socket connection: vscode is not running
[2020-10-21T13:30:43.794Z] warn  discarding socket connection: vscode is not running
[2020-10-21T13:30:43.826Z] warn  discarding socket connection: vscode is not running
[2020-10-21T13:31:25.587Z] warn  discarding socket connection: vscode is not running
[2020-10-21T13:31:25.617Z] warn  discarding socket connection: vscode is not running
[2020-10-21T13:32:06.742Z] warn  discarding socket connection: vscode is not running
[2020-10-21T13:32:06.771Z] warn  discarding socket connection: vscode is not running
[2020-10-21T13:32:48.494Z] warn  discarding socket connection: vscode is not running
[2020-10-21T13:32:48.523Z] warn  discarding socket connection: vscode is not running
[2020-10-21T13:33:30.491Z] warn  discarding socket connection: vscode is not running
[2020-10-21T13:33:30.521Z] warn  discarding socket connection: vscode is not running
[2020-10-21T13:34:12.686Z] warn  discarding socket connection: vscode is not running
[2020-10-21T13:34:12.715Z] warn  discarding socket connection: vscode is not running
[2020-10-21T13:34:24.499Z] warn  discarding socket connection: vscode is not running
[2020-10-21T13:34:53.096Z] warn  discarding socket connection: vscode is not running
[2020-10-21T13:34:54.589Z] warn  discarding socket connection: vscode is not running
[2020-10-21T13:34:54.620Z] warn  discarding socket connection: vscode is not running
[2020-10-21T13:35:06.048Z] warn  discarding socket connection: vscode is not running
[2020-10-21T13:35:36.723Z] warn  discarding socket connection: vscode is not running
[2020-10-21T13:35:36.757Z] warn  discarding socket connection: vscode is not running
[2020-10-21T13:36:17.808Z] warn  discarding socket connection: vscode is not running
[2020-10-21T13:36:17.840Z] warn  discarding socket connection: vscode is not running
[2020-10-21T13:36:59.820Z] warn  discarding socket connection: vscode is not running
[2020-10-21T13:36:59.850Z] warn  discarding socket connection: vscode is not running
[2020-10-21T13:37:40.855Z] warn  discarding socket connection: vscode is not running
[2020-10-21T13:37:40.886Z] warn  discarding socket connection: vscode is not running
[2020-10-21T13:38:21.844Z] warn  discarding socket connection: vscode is not running
[2020-10-21T13:38:21.873Z] warn  discarding socket connection: vscode is not running
[2020-10-21T13:39:03.443Z] warn  discarding socket connection: vscode is not running
[2020-10-21T13:39:03.473Z] warn  discarding socket connection: vscode is not running
[2020-10-21T13:39:44.673Z] warn  discarding socket connection: vscode is not running
[2020-10-21T13:39:45.573Z] warn  discarding socket connection: vscode is not running
[2020-10-21T13:40:26.767Z] warn  discarding socket connection: vscode is not running
[2020-10-21T13:40:26.797Z] warn  discarding socket connection: vscode is not running
[2020-10-21T13:41:08.814Z] warn  discarding socket connection: vscode is not running
[2020-10-21T13:41:08.847Z] warn  discarding socket connection: vscode is not running
[2020-10-21T13:41:50.851Z] warn  discarding socket connection: vscode is not running
[2020-10-21T13:41:50.880Z] warn  discarding socket connection: vscode is not running
[2020-10-21T13:42:32.735Z] warn  discarding socket connection: vscode is not running
[2020-10-21T13:42:32.765Z] warn  discarding socket connection: vscode is not running
[2020-10-21T13:43:15.020Z] warn  discarding socket connection: vscode is not running
[2020-10-21T13:43:15.057Z] warn  discarding socket connection: vscode is not running
[2020-10-21T13:43:56.710Z] warn  discarding socket connection: vscode is not running
[2020-10-21T13:43:56.743Z] warn  discarding socket connection: vscode is not running
[2020-10-21T13:44:38.701Z] warn  discarding socket connection: vscode is not running
[2020-10-21T13:44:38.732Z] warn  discarding socket connection: vscode is not running
[2020-10-21T13:45:19.718Z] warn  discarding socket connection: vscode is not running
[2020-10-21T13:45:19.750Z] warn  discarding socket connection: vscode is not running
[2020-10-21T13:46:00.765Z] warn  discarding socket connection: vscode is not running
[2020-10-21T13:46:00.795Z] warn  discarding socket connection: vscode is not running
[2020-10-21T13:46:40.850Z] warn  discarding socket connection: vscode is not running
[2020-10-21T13:46:42.437Z] warn  discarding socket connection: vscode is not running
[2020-10-21T13:47:21.795Z] warn  discarding socket connection: vscode is not running
[2020-10-21T13:47:22.569Z] warn  discarding socket connection: vscode is not running
[2020-10-21T13:48:03.786Z] warn  discarding socket connection: vscode is not running
[2020-10-21T13:48:03.819Z] warn  discarding socket connection: vscode is not running
[2020-10-21T13:48:45.740Z] warn  discarding socket connection: vscode is not running
[2020-10-21T13:48:45.773Z] warn  discarding socket connection: vscode is not running
[2020-10-21T13:49:27.803Z] warn  discarding socket connection: vscode is not running
[2020-10-21T13:49:27.833Z] warn  discarding socket connection: vscode is not running
[2020-10-21T13:50:08.731Z] warn  discarding socket connection: vscode is not running
[2020-10-21T13:50:08.760Z] warn  discarding socket connection: vscode is not running
[2020-10-21T13:50:50.723Z] warn  discarding socket connection: vscode is not running
[2020-10-21T13:50:50.751Z] warn  discarding socket connection: vscode is not running
[2020-10-21T13:51:32.724Z] warn  discarding socket connection: vscode is not running
[2020-10-21T13:51:32.755Z] warn  discarding socket connection: vscode is not running
[2020-10-21T13:52:14.691Z] warn  discarding socket connection: vscode is not running
[2020-10-21T13:52:14.721Z] warn  discarding socket connection: vscode is not running
[2020-10-21T13:52:56.783Z] warn  discarding socket connection: vscode is not running
[2020-10-21T13:52:56.813Z] warn  discarding socket connection: vscode is not running
[2020-10-21T13:53:38.813Z] warn  discarding socket connection: vscode is not running
[2020-10-21T13:53:38.852Z] warn  discarding socket connection: vscode is not running
[2020-10-21T13:54:19.566Z] warn  discarding socket connection: vscode is not running
[2020-10-21T13:54:19.597Z] warn  discarding socket connection: vscode is not running
[2020-10-21T13:55:01.748Z] warn  discarding socket connection: vscode is not running
[2020-10-21T13:55:01.790Z] warn  discarding socket connection: vscode is not running
[2020-10-21T13:55:44.016Z] warn  discarding socket connection: vscode is not running
[2020-10-21T13:55:44.050Z] warn  discarding socket connection: vscode is not running
[2020-10-21T13:56:25.803Z] warn  discarding socket connection: vscode is not running
[2020-10-21T13:56:25.833Z] warn  discarding socket connection: vscode is not running
[2020-10-21T13:57:07.615Z] warn  discarding socket connection: vscode is not running
[2020-10-21T13:57:07.646Z] warn  discarding socket connection: vscode is not running
[2020-10-21T13:57:48.818Z] warn  discarding socket connection: vscode is not running
[2020-10-21T13:57:48.852Z] warn  discarding socket connection: vscode is not running
[2020-10-21T13:57:53.658Z] warn  discarding socket connection: vscode is not running
[2020-10-21T13:58:06.565Z] warn  discarding socket connection: vscode is not running
[2020-10-21T13:58:29.761Z] warn  discarding socket connection: vscode is not running
[2020-10-21T13:58:29.795Z] warn  discarding socket connection: vscode is not running
[2020-10-21T13:59:10.792Z] warn  discarding socket connection: vscode is not running
[2020-10-21T13:59:10.821Z] warn  discarding socket connection: vscode is not running
[2020-10-21T13:59:52.639Z] warn  discarding socket connection: vscode is not running
[2020-10-21T13:59:52.670Z] warn  discarding socket connection: vscode is not running
[2020-10-21T14:00:33.750Z] warn  discarding socket connection: vscode is not running
[2020-10-21T14:00:33.779Z] warn  discarding socket connection: vscode is not running
[2020-10-21T14:01:15.799Z] warn  discarding socket connection: vscode is not running
[2020-10-21T14:01:15.834Z] warn  discarding socket connection: vscode is not running
[2020-10-21T14:01:57.640Z] warn  discarding socket connection: vscode is not running
[2020-10-21T14:01:57.669Z] warn  discarding socket connection: vscode is not running
[2020-10-21T14:02:39.917Z] warn  discarding socket connection: vscode is not running
[2020-10-21T14:02:39.948Z] warn  discarding socket connection: vscode is not running
[2020-10-21T14:03:21.692Z] warn  discarding socket connection: vscode is not running
[2020-10-21T14:03:21.723Z] warn  discarding socket connection: vscode is not running
[2020-10-21T14:04:03.975Z] warn  discarding socket connection: vscode is not running
[2020-10-21T14:04:04.008Z] warn  discarding socket connection: vscode is not running
[2020-10-21T14:04:45.757Z] warn  discarding socket connection: vscode is not running
[2020-10-21T14:04:45.787Z] warn  discarding socket connection: vscode is not running
[2020-10-21T14:05:26.883Z] warn  discarding socket connection: vscode is not running
[2020-10-21T14:05:26.913Z] warn  discarding socket connection: vscode is not running
[2020-10-21T14:06:08.552Z] warn  discarding socket connection: vscode is not running
[2020-10-21T14:06:08.581Z] warn  discarding socket connection: vscode is not running
[2020-10-21T14:06:50.659Z] warn  discarding socket connection: vscode is not running
[2020-10-21T14:06:50.692Z] warn  discarding socket connection: vscode is not running
[2020-10-21T14:07:32.660Z] warn  discarding socket connection: vscode is not running
[2020-10-21T14:07:32.694Z] warn  discarding socket connection: vscode is not running
[2020-10-21T14:08:13.860Z] warn  discarding socket connection: vscode is not running
[2020-10-21T14:08:13.893Z] warn  discarding socket connection: vscode is not running
[2020-10-21T14:08:55.686Z] warn  discarding socket connection: vscode is not running
[2020-10-21T14:08:55.715Z] warn  discarding socket connection: vscode is not running
[2020-10-21T14:09:37.799Z] warn  discarding socket connection: vscode is not running
[2020-10-21T14:09:37.833Z] warn  discarding socket connection: vscode is not running
[2020-10-21T14:10:19.710Z] warn  discarding socket connection: vscode is not running
[2020-10-21T14:10:19.739Z] warn  discarding socket connection: vscode is not running
[2020-10-21T14:11:00.885Z] warn  discarding socket connection: vscode is not running
[2020-10-21T14:11:00.924Z] warn  discarding socket connection: vscode is not running
[2020-10-21T14:11:42.608Z] warn  discarding socket connection: vscode is not running
[2020-10-21T14:11:42.649Z] warn  discarding socket connection: vscode is not running
[2020-10-21T14:12:22.853Z] warn  discarding socket connection: vscode is not running
[2020-10-21T14:12:24.546Z] warn  discarding socket connection: vscode is not running
[2020-10-21T14:13:04.806Z] warn  discarding socket connection: vscode is not running
[2020-10-21T14:13:06.841Z] warn  discarding socket connection: vscode is not running
[2020-10-21T14:13:46.750Z] warn  discarding socket connection: vscode is not running
[2020-10-21T14:13:47.601Z] warn  discarding socket connection: vscode is not running
[2020-10-21T14:14:28.756Z] warn  discarding socket connection: vscode is not running
[2020-10-21T14:14:28.786Z] warn  discarding socket connection: vscode is not running
[2020-10-21T14:15:09.808Z] warn  discarding socket connection: vscode is not running
[2020-10-21T14:15:09.839Z] warn  discarding socket connection: vscode is not running
[2020-10-21T14:15:51.764Z] warn  discarding socket connection: vscode is not running
[2020-10-21T14:15:51.796Z] warn  discarding socket connection: vscode is not running
[2020-10-21T14:16:33.571Z] warn  discarding socket connection: vscode is not running
[2020-10-21T14:16:33.605Z] warn  discarding socket connection: vscode is not running
[2020-10-21T14:17:14.813Z] warn  discarding socket connection: vscode is not running
[2020-10-21T14:17:14.843Z] warn  discarding socket connection: vscode is not running
