[2020-10-21 11:08:11.407] [exthost] [info] extension host started
[2020-10-21 11:08:40.362] [exthost] [info] extension host started
[2020-10-21 11:08:40.436] [exthost] [info] ExtensionService#_doActivateExtension vscode.debug-auto-launch {"startup":true,"extensionId":{"value":"vscode.debug-auto-launch","_lower":"vscode.debug-auto-launch"},"activationEvent":"*"}
[2020-10-21 11:08:40.437] [exthost] [info] ExtensionService#loadCommonJSModule file:///usr/local/share/.config/yarn/global/node_modules/code-server/lib/vscode/extensions/debug-auto-launch/dist/extension
[2020-10-21 11:08:40.447] [exthost] [info] ExtensionService#_doActivateExtension vscode.emmet {"startup":true,"extensionId":{"value":"vscode.emmet","_lower":"vscode.emmet"},"activationEvent":"*"}
[2020-10-21 11:08:40.448] [exthost] [info] ExtensionService#loadCommonJSModule file:///usr/local/share/.config/yarn/global/node_modules/code-server/lib/vscode/extensions/emmet/dist/node/emmetNodeMain
[2020-10-21 11:08:40.496] [exthost] [info] ExtensionService#_doActivateExtension vscode.git {"startup":true,"extensionId":{"value":"vscode.github","_lower":"vscode.github"},"activationEvent":"*"}
[2020-10-21 11:08:40.497] [exthost] [info] ExtensionService#loadCommonJSModule file:///usr/local/share/.config/yarn/global/node_modules/code-server/lib/vscode/extensions/git/dist/main
[2020-10-21 11:08:40.584] [exthost] [info] ExtensionService#_doActivateExtension vscode.merge-conflict {"startup":true,"extensionId":{"value":"vscode.merge-conflict","_lower":"vscode.merge-conflict"},"activationEvent":"*"}
[2020-10-21 11:08:40.585] [exthost] [info] ExtensionService#loadCommonJSModule file:///usr/local/share/.config/yarn/global/node_modules/code-server/lib/vscode/extensions/merge-conflict/dist/mergeConflictMain
[2020-10-21 11:08:40.595] [exthost] [info] ExtensionService#_doActivateExtension vscode.search-result {"startup":true,"extensionId":{"value":"vscode.search-result","_lower":"vscode.search-result"},"activationEvent":"*"}
[2020-10-21 11:08:40.595] [exthost] [info] ExtensionService#loadCommonJSModule file:///usr/local/share/.config/yarn/global/node_modules/code-server/lib/vscode/extensions/search-result/dist/extension.js
[2020-10-21 11:08:58.107] [exthost] [info] ExtensionService#_doActivateExtension vscode.github {"startup":true,"extensionId":{"value":"vscode.github","_lower":"vscode.github"},"activationEvent":"*"}
[2020-10-21 11:08:58.107] [exthost] [info] ExtensionService#loadCommonJSModule file:///usr/local/share/.config/yarn/global/node_modules/code-server/lib/vscode/extensions/github/dist/extension.js
[2020-10-21 11:08:58.422] [exthost] [info] eager extensions activated
[2020-10-21 11:09:08.365] [exthost] [info] ExtensionService#_doActivateExtension vscode.configuration-editing {"startup":false,"extensionId":{"value":"vscode.configuration-editing","_lower":"vscode.configuration-editing"},"activationEvent":"onLanguage:jsonc"}
[2020-10-21 11:09:08.365] [exthost] [info] ExtensionService#loadCommonJSModule file:///usr/local/share/.config/yarn/global/node_modules/code-server/lib/vscode/extensions/configuration-editing/dist/configurationEditingMain
[2020-10-21 11:09:08.383] [exthost] [info] ExtensionService#_doActivateExtension vscode.json-language-features {"startup":false,"extensionId":{"value":"vscode.json-language-features","_lower":"vscode.json-language-features"},"activationEvent":"onLanguage:jsonc"}
[2020-10-21 11:09:08.383] [exthost] [info] ExtensionService#loadCommonJSModule file:///usr/local/share/.config/yarn/global/node_modules/code-server/lib/vscode/extensions/json-language-features/client/dist/node/jsonClientMain
[2020-10-21 11:09:08.480] [exthost] [info] ExtensionService#_doActivateExtension vscode.typescript-language-features {"startup":false,"extensionId":{"value":"vscode.typescript-language-features","_lower":"vscode.typescript-language-features"},"activationEvent":"onLanguage:jsonc"}
[2020-10-21 11:09:08.480] [exthost] [info] ExtensionService#loadCommonJSModule file:///usr/local/share/.config/yarn/global/node_modules/code-server/lib/vscode/extensions/typescript-language-features/dist/extension
[2020-10-21 11:10:12.141] [exthost] [info] extension host started
[2020-10-21 11:10:12.400] [exthost] [info] ExtensionService#_doActivateExtension vscode.debug-auto-launch {"startup":true,"extensionId":{"value":"vscode.debug-auto-launch","_lower":"vscode.debug-auto-launch"},"activationEvent":"*"}
[2020-10-21 11:10:12.400] [exthost] [info] ExtensionService#loadCommonJSModule file:///usr/local/share/.config/yarn/global/node_modules/code-server/lib/vscode/extensions/debug-auto-launch/dist/extension
[2020-10-21 11:10:12.411] [exthost] [info] ExtensionService#_doActivateExtension vscode.emmet {"startup":true,"extensionId":{"value":"vscode.emmet","_lower":"vscode.emmet"},"activationEvent":"*"}
[2020-10-21 11:10:12.411] [exthost] [info] ExtensionService#loadCommonJSModule file:///usr/local/share/.config/yarn/global/node_modules/code-server/lib/vscode/extensions/emmet/dist/node/emmetNodeMain
[2020-10-21 11:10:12.491] [exthost] [info] ExtensionService#_doActivateExtension vscode.git {"startup":true,"extensionId":{"value":"vscode.github","_lower":"vscode.github"},"activationEvent":"*"}
[2020-10-21 11:10:12.491] [exthost] [info] ExtensionService#loadCommonJSModule file:///usr/local/share/.config/yarn/global/node_modules/code-server/lib/vscode/extensions/git/dist/main
[2020-10-21 11:10:12.612] [exthost] [info] ExtensionService#_doActivateExtension vscode.merge-conflict {"startup":true,"extensionId":{"value":"vscode.merge-conflict","_lower":"vscode.merge-conflict"},"activationEvent":"*"}
[2020-10-21 11:10:12.612] [exthost] [info] ExtensionService#loadCommonJSModule file:///usr/local/share/.config/yarn/global/node_modules/code-server/lib/vscode/extensions/merge-conflict/dist/mergeConflictMain
[2020-10-21 11:10:12.620] [exthost] [info] ExtensionService#_doActivateExtension vscode.search-result {"startup":true,"extensionId":{"value":"vscode.search-result","_lower":"vscode.search-result"},"activationEvent":"*"}
[2020-10-21 11:10:12.620] [exthost] [info] ExtensionService#loadCommonJSModule file:///usr/local/share/.config/yarn/global/node_modules/code-server/lib/vscode/extensions/search-result/dist/extension.js
[2020-10-21 11:10:12.737] [exthost] [info] ExtensionService#_doActivateExtension vscode.github {"startup":true,"extensionId":{"value":"vscode.github","_lower":"vscode.github"},"activationEvent":"*"}
[2020-10-21 11:10:12.737] [exthost] [info] ExtensionService#loadCommonJSModule file:///usr/local/share/.config/yarn/global/node_modules/code-server/lib/vscode/extensions/github/dist/extension.js
[2020-10-21 11:10:13.263] [exthost] [info] eager extensions activated
